<?xml version="1.0" encoding="UTF-8"?>
<testng-results ignored="0" total="1" passed="1" failed="0" skipped="0">
  <reporter-output>
  </reporter-output>
  <suite started-at="2024-09-11T22:39:29 IST" name="Default suite" finished-at="2024-09-11T22:40:11 IST" duration-ms="41959">
    <groups>
    </groups>
    <test started-at="2024-09-11T22:39:29 IST" name="Default test" finished-at="2024-09-11T22:40:11 IST" duration-ms="41959">
      <class name="freshdaycarttest.LISTDROUP">
        <test-method is-config="true" signature="setup()[pri:0, instance:freshdaycarttest.LISTDROUP@6989da5e]" started-at="2024-09-11T22:39:29 IST" name="setup" finished-at="2024-09-11T22:39:31 IST" duration-ms="2088" status="PASS">
          <reporter-output>
          </reporter-output>
        </test-method> <!-- setup -->
        <test-method is-config="true" signature="url()[pri:0, instance:freshdaycarttest.LISTDROUP@6989da5e]" started-at="2024-09-11T22:39:31 IST" name="url" finished-at="2024-09-11T22:40:09 IST" duration-ms="37920" status="PASS">
          <reporter-output>
          </reporter-output>
        </test-method> <!-- url -->
        <test-method signature="test()[pri:0, instance:freshdaycarttest.LISTDROUP@6989da5e]" started-at="2024-09-11T22:40:09 IST" name="test" finished-at="2024-09-11T22:40:11 IST" duration-ms="1899" status="PASS">
          <reporter-output>
          </reporter-output>
        </test-method> <!-- test -->
      </class> <!-- freshdaycarttest.LISTDROUP -->
    </test> <!-- Default test -->
  </suite> <!-- Default suite -->
</testng-results>
